0 info it worked if it ends with ok
1 verbose cli [ 'C:\\Program Files\\nodejs\\\\node.exe',
1 verbose cli   'C:\\Program Files\\nodejs\\node_modules\\npm\\bin\\npm-cli.js',
1 verbose cli   'install',
1 verbose cli   '-g',
1 verbose cli   './twitter-bootstrap-node' ]
2 info using npm@1.4.3
3 info using node@v0.10.26
4 verbose node symlink C:\Program Files\nodejs\\node.exe
5 verbose cache add [ './twitter-bootstrap-node', null ]
6 verbose cache add name=undefined spec="./twitter-bootstrap-node" args=["./twitter-bootstrap-node",null]
7 verbose parsed url { protocol: null,
7 verbose parsed url   slashes: null,
7 verbose parsed url   auth: null,
7 verbose parsed url   host: null,
7 verbose parsed url   port: null,
7 verbose parsed url   hostname: null,
7 verbose parsed url   hash: null,
7 verbose parsed url   search: null,
7 verbose parsed url   query: null,
7 verbose parsed url   pathname: './twitter-bootstrap-node',
7 verbose parsed url   path: './twitter-bootstrap-node',
7 verbose parsed url   href: './twitter-bootstrap-node' }
8 silly lockFile bdf2b7b1-twitter-bootstrap-node ./twitter-bootstrap-node
9 verbose lock ./twitter-bootstrap-node C:\Users\Pelor\AppData\Roaming\npm-cache\bdf2b7b1-twitter-bootstrap-node.lock
10 info maybeGithub Attempting ./twitter-bootstrap-node from git://github.com/./twitter-bootstrap-node
11 silly lockFile 45f814f0-ithub-com-twitter-bootstrap-node git://github.com/./twitter-bootstrap-node
12 verbose lock git://github.com/./twitter-bootstrap-node C:\Users\Pelor\AppData\Roaming\npm-cache\45f814f0-ithub-com-twitter-bootstrap-node.lock
13 verbose addRemoteGit [ 'git://github.com/./twitter-bootstrap-node', 'master' ]
14 silly lockFile 45f814f0-ithub-com-twitter-bootstrap-node git://github.com/./twitter-bootstrap-node
15 silly lockFile 45f814f0-ithub-com-twitter-bootstrap-node git://github.com/./twitter-bootstrap-node
16 info maybeGithub Attempting ./twitter-bootstrap-node from git+ssh://git@github.com:./twitter-bootstrap-node
17 silly lockFile d4dc88d1-ithub-com-twitter-bootstrap-node git@github.com:./twitter-bootstrap-node
18 verbose lock git@github.com:./twitter-bootstrap-node C:\Users\Pelor\AppData\Roaming\npm-cache\d4dc88d1-ithub-com-twitter-bootstrap-node.lock
19 verbose addRemoteGit [ 'git@github.com:./twitter-bootstrap-node', 'master' ]
20 silly lockFile d4dc88d1-ithub-com-twitter-bootstrap-node git@github.com:./twitter-bootstrap-node
21 silly lockFile d4dc88d1-ithub-com-twitter-bootstrap-node git@github.com:./twitter-bootstrap-node
22 silly lockFile bdf2b7b1-twitter-bootstrap-node ./twitter-bootstrap-node
23 silly lockFile bdf2b7b1-twitter-bootstrap-node ./twitter-bootstrap-node
24 error addLocal Could not install ./twitter-bootstrap-node
25 error Error: ENOENT, stat 'C:\Users\Pelor\Documents\GitHub\TSW-2014\twitter-bootstrap-node'
26 error If you need help, you may report this *entire* log,
26 error including the npm and node versions, at:
26 error     <http://github.com/npm/npm/issues>
27 error System Windows_NT 6.2.9200
28 error command "C:\\Program Files\\nodejs\\\\node.exe" "C:\\Program Files\\nodejs\\node_modules\\npm\\bin\\npm-cli.js" "install" "-g" "./twitter-bootstrap-node"
29 error cwd C:\Users\Pelor\Documents\GitHub\TSW-2014
30 error node -v v0.10.26
31 error npm -v 1.4.3
32 error path C:\Users\Pelor\Documents\GitHub\TSW-2014\twitter-bootstrap-node
33 error code ENOENT
34 error errno 34
35 verbose exit [ 34, true ]
